0 info it worked if it ends with ok
1 verbose cli [ '/usr/bin/nodejs', '/usr/bin/npm', 'run', 'webpack' ]
2 info using npm@3.5.2
3 info using node@v4.2.6
4 verbose run-script [ 'prewebpack', 'webpack', 'postwebpack' ]
5 info lifecycle enliven@1.0.0~prewebpack: enliven@1.0.0
6 silly lifecycle enliven@1.0.0~prewebpack: no script for prewebpack, continuing
7 info lifecycle enliven@1.0.0~webpack: enliven@1.0.0
8 verbose lifecycle enliven@1.0.0~webpack: unsafe-perm in lifecycle true
9 verbose lifecycle enliven@1.0.0~webpack: PATH: /usr/share/npm/bin/node-gyp-bin:/home/eric/Desktop/Dev/ProjectRepo/enliven/node_modules/.bin:/home/eric/bin:/home/eric/.local/bin:/usr/local/sbin:/usr/local/bin:/usr/sbin:/usr/bin:/sbin:/bin:/usr/games:/usr/local/games:/snap/bin:/home/eric/.rvm/bin:/home/eric/.rvm/bin
10 verbose lifecycle enliven@1.0.0~webpack: CWD: /home/eric/Desktop/Dev/ProjectRepo/enliven
11 silly lifecycle enliven@1.0.0~webpack: Args: [ '-c', 'webpack -w' ]
12 info lifecycle enliven@1.0.0~webpack: Failed to exec webpack script
13 verbose stack Error: enliven@1.0.0 webpack: `webpack -w`
13 verbose stack spawn ENOENT
13 verbose stack     at ChildProcess.<anonymous> (/usr/share/npm/lib/utils/spawn.js:17:16)
13 verbose stack     at emitTwo (events.js:87:13)
13 verbose stack     at ChildProcess.emit (events.js:172:7)
13 verbose stack     at maybeClose (internal/child_process.js:821:16)
13 verbose stack     at Process.ChildProcess._handle.onexit (internal/child_process.js:211:5)
14 verbose pkgid enliven@1.0.0
15 verbose cwd /home/eric/Desktop/Dev/ProjectRepo/enliven
16 error Linux 4.4.0-45-generic
17 error argv "/usr/bin/nodejs" "/usr/bin/npm" "run" "webpack"
18 error node v4.2.6
19 error npm  v3.5.2
20 error file sh
21 error code ELIFECYCLE
22 error errno ENOENT
23 error syscall spawn
24 error enliven@1.0.0 webpack: `webpack -w`
24 error spawn ENOENT
25 error Failed at the enliven@1.0.0 webpack script 'webpack -w'.
25 error Make sure you have the latest version of node.js and npm installed.
25 error If you do, this is most likely a problem with the enliven package,
25 error not with npm itself.
25 error Tell the author that this fails on your system:
25 error     webpack -w
25 error You can get information on how to open an issue for this project with:
25 error     npm bugs enliven
25 error Or if that isn't available, you can get their info via:
25 error     npm owner ls enliven
25 error There is likely additional logging output above.
26 verbose exit [ 1, true ]
